<?xml version="1.0" encoding="UTF-8"?>
<testsuite xmlns:xsi="http://www.w3.org/2001/XMLSchema-instance" xsi:noNamespaceSchemaLocation="https://maven.apache.org/surefire/maven-surefire-plugin/xsd/surefire-test-report.xsd" version="3.0.2" name="com.spring.ecom_project.EcommerceProjectApplicationTests" time="15.265" tests="1" errors="0" skipped="0" failures="0">
  <properties>
[...]
</properties>
  <testcase name="contextLoads" classname="com.spring.ecom_project.EcommerceProjectApplicationTests" time="1.338">
    <system-out><![CDATA[16:08:20.397 [main] INFO org.springframework.test.context.support.AnnotationConfigContextLoaderUtils -- Could not detect default configuration classes for test class [com.spring.ecom_project.EcommerceProjectApplicationTests]: EcommerceProjectApplicationTests does not declare any static, non-private, non-final, nested classes annotated with @Configuration.
16:08:20.645 [main] INFO org.springframework.boot.test.context.SpringBootTestContextBootstrapper -- Found @SpringBootConfiguration com.spring.ecom_project.EcommerceProjectApplication for test class com.spring.ecom_project.EcommerceProjectApplicationTests

  .   ____          _            __ _ _
 /\\ / ___'_ __ _ _(_)_ __  __ _ \ \ \ \
( ( )\___ | '_ | '_| | '_ \/ _` | \ \ \ \
 \\/  ___)| |_)| | | | | || (_| |  ) ) ) )
  '  |____| .__|_| |_|_| |_\__, | / / / /
 =========|_|==============|___/=/_/_/_/

 :: Spring Boot ::                (v3.4.3)

2025-07-12T16:08:21.570+05:30  INFO 20608 --- [ecommerceProject] [           main] c.s.e.EcommerceProjectApplicationTests   : Starting EcommerceProjectApplicationTests using Java 17.0.8 with PID 20608 (started by Raj Srivastava in C:\Users\Raj Srivastava\Downloads\java backend\ecommerce-project-backend\ecom-project)
2025-07-12T16:08:21.573+05:30  INFO 20608 --- [ecommerceProject] [           main] c.s.e.EcommerceProjectApplicationTests   : No active profile set, falling back to 1 default profile: "default"
2025-07-12T16:08:24.789+05:30  INFO 20608 --- [ecommerceProject] [           main] .s.d.r.c.RepositoryConfigurationDelegate : Bootstrapping Spring Data JPA repositories in DEFAULT mode.
2025-07-12T16:08:24.983+05:30  INFO 20608 --- [ecommerceProject] [           main] .s.d.r.c.RepositoryConfigurationDelegate : Finished Spring Data repository scanning in 160 ms. Found 1 JPA repository interface.
2025-07-12T16:08:26.309+05:30  INFO 20608 --- [ecommerceProject] [           main] o.hibernate.jpa.internal.util.LogHelper  : HHH000204: Processing PersistenceUnitInfo [name: default]
2025-07-12T16:08:26.549+05:30  INFO 20608 --- [ecommerceProject] [           main] org.hibernate.Version                    : HHH000412: Hibernate ORM core version 6.6.8.Final
2025-07-12T16:08:26.687+05:30  INFO 20608 --- [ecommerceProject] [           main] o.h.c.internal.RegionFactoryInitiator    : HHH000026: Second-level cache disabled
2025-07-12T16:08:27.746+05:30  INFO 20608 --- [ecommerceProject] [           main] o.s.o.j.p.SpringPersistenceUnitInfo      : No LoadTimeWeaver setup: ignoring JPA class transformer
2025-07-12T16:08:27.826+05:30  INFO 20608 --- [ecommerceProject] [           main] com.zaxxer.hikari.HikariDataSource       : HikariPool-1 - Starting...
2025-07-12T16:08:28.413+05:30  INFO 20608 --- [ecommerceProject] [           main] com.zaxxer.hikari.pool.HikariPool        : HikariPool-1 - Added connection conn0: url=jdbc:h2:mem:ecomDB user=SA
2025-07-12T16:08:28.417+05:30  INFO 20608 --- [ecommerceProject] [           main] com.zaxxer.hikari.HikariDataSource       : HikariPool-1 - Start completed.
2025-07-12T16:08:28.556+05:30  INFO 20608 --- [ecommerceProject] [           main] org.hibernate.orm.connections.pooling    : HHH10001005: Database info:
	Database JDBC URL [Connecting through datasource 'HikariDataSource (HikariPool-1)']
	Database driver: undefined/unknown
	Database version: 2.3.232
	Autocommit mode: undefined/unknown
	Isolation level: undefined/unknown
	Minimum pool size: undefined/unknown
	Maximum pool size: undefined/unknown
2025-07-12T16:08:30.314+05:30  INFO 20608 --- [ecommerceProject] [           main] o.h.e.t.j.p.i.JtaPlatformInitiator       : HHH000489: No JTA platform available (set 'hibernate.transaction.jta.platform' to enable JTA platform integration)
Hibernate: drop table if exists product cascade 
Hibernate: create table product (availability boolean not null, price numeric(38,2) not null, quantity integer not null check (quantity>=0), id bigint generated by default as identity, release_date timestamp(6) not null, brand varchar(255) not null, category varchar(255) not null, description varchar(255) not null, image_url varchar(255), name varchar(255) not null, primary key (id))
2025-07-12T16:08:30.385+05:30  INFO 20608 --- [ecommerceProject] [           main] j.LocalContainerEntityManagerFactoryBean : Initialized JPA EntityManagerFactory for persistence unit 'default'
2025-07-12T16:08:31.603+05:30  WARN 20608 --- [ecommerceProject] [           main] JpaBaseConfiguration$JpaWebConfiguration : spring.jpa.open-in-view is enabled by default. Therefore, database queries may be performed during view rendering. Explicitly configure spring.jpa.open-in-view to disable this warning
2025-07-12T16:08:32.108+05:30  INFO 20608 --- [ecommerceProject] [           main] r$InitializeUserDetailsManagerConfigurer : Global AuthenticationManager configured with UserDetailsService bean with name userDetailsService
2025-07-12T16:08:33.911+05:30  INFO 20608 --- [ecommerceProject] [           main] c.s.e.EcommerceProjectApplicationTests   : Started EcommerceProjectApplicationTests in 12.902 seconds (process running for 15.275)
]]></system-out>
  </testcase>
</testsuite>